#
# There is insufficient memory for the Java Runtime Environment to continue.
# Native memory allocation (mmap) failed to map 295698432 bytes for G1 virtual space
# Possible reasons:
#   The system is out of physical RAM or swap space
#   The process is running with CompressedOops enabled, and the Java Heap may be blocking the growth of the native heap
# Possible solutions:
#   Reduce memory load on the system
#   Increase physical memory or swap space
#   Check if swap backing store is full
#   Decrease Java heap size (-Xmx/-Xms)
#   Decrease number of Java threads
#   Decrease Java thread stack sizes (-Xss)
#   Set larger code cache with -XX:ReservedCodeCacheSize=
#   JVM is running with Unscaled Compressed Oops mode in which the Java heap is
#     placed in the first 4GB address space. The Java Heap base address is the
#     maximum limit for the native heap growth. Please use -XX:HeapBaseMinAddress
#     to set the Java Heap base and to place the Java Heap above 4GB virtual address.
# This output file may be truncated or incomplete.
#
#  Out of Memory Error (os_windows.cpp:3771), pid=1112, tid=13196
#
# JRE version: OpenJDK Runtime Environment JBR-17.0.7+7-1000.6-jcef (17.0.7+7) (build 17.0.7+7-b1000.6)
# Java VM: OpenJDK 64-Bit Server VM JBR-17.0.7+7-1000.6-jcef (17.0.7+7-b1000.6, mixed mode, tiered, compressed oops, compressed class ptrs, g1 gc, windows-amd64)
# No core dump will be written. Minidumps are not enabled by default on client versions of Windows
#

---------------  S U M M A R Y ------------

Command Line: -Djava.rmi.server.hostname=127.0.0.1 -Duser.timezone=UTC -Xmx2048m -Xms128m -Djna.boot.library.path=C:\Program Files\JetBrains\IntelliJ IDEA 2023.2/lib/jna/amd64 -Djna.nosys=true -Djna.noclasspath=true -Djdbc.classpath=C:\Program Files\JetBrains\IntelliJ IDEA 2023.2\plugins\DatabaseTools\lib\jdbc-console.jar;C:\Users\user\AppData\Roaming\JetBrains\IntelliJIdea2023.2\jdbc-drivers\MongoDB\1.18\mongo-jdbc-standalone-1.18.jar --add-exports=java.desktop/sun.awt=ALL-UNNAMED --add-exports=java.desktop/java.awt.peer=ALL-UNNAMED --add-opens=java.desktop/java.awt=ALL-UNNAMED --add-opens=jdk.unsupported/sun.misc=ALL-UNNAMED --add-opens=java.base/java.nio=ALL-UNNAMED --add-opens=java.base/java.util=ALL-UNNAMED -Dfile.encoding=UTF-8 com.intellij.database.remote.RemoteJdbcServer com.dbschema.MongoJdbcDriver

Host: Intel(R) Core(TM) i5-4310U CPU @ 2.00GHz, 4 cores, 7G,  Windows 10 , 64 bit Build 19041 (10.0.19041.3155)
Time: Fri Aug 18 16:35:07 2023 Tokyo Standard Time elapsed time: 6.775024 seconds (0d 0h 0m 6s)

---------------  T H R E A D  ---------------

Current thread (0x0000022a4c6272c0):  VMThread "VM Thread" [stack: 0x0000007af3700000,0x0000007af3800000] [id=13196]

Stack: [0x0000007af3700000,0x0000007af3800000]
Native frames: (J=compiled Java code, j=interpreted, Vv=VM code, C=native code)
V  [jvm.dll+0x683bfa]
V  [jvm.dll+0x8430a4]
V  [jvm.dll+0x8449be]
V  [jvm.dll+0x845023]
V  [jvm.dll+0x24ad2f]
V  [jvm.dll+0x680ac9]
V  [jvm.dll+0x67519a]
V  [jvm.dll+0x30b3cb]
V  [jvm.dll+0x312876]
V  [jvm.dll+0x36221e]
V  [jvm.dll+0x36244f]
V  [jvm.dll+0x2e14a8]
V  [jvm.dll+0x2df684]
V  [jvm.dll+0x2dec8c]
V  [jvm.dll+0x32382b]
V  [jvm.dll+0x8496eb]
V  [jvm.dll+0x84a424]
V  [jvm.dll+0x84a93d]
V  [jvm.dll+0x84ad14]
V  [jvm.dll+0x84ade0]
V  [jvm.dll+0x7f2aea]
V  [jvm.dll+0x682a35]
C  [ucrtbase.dll+0x21bb2]
C  [KERNEL32.DLL+0x17614]
C  [ntdll.dll+0x526b1]

VM_Operation (0x0000007af48fba00): G1CollectForAllocation, mode: safepoint, requested by thread 0x0000022a4c8bc200


---------------  P R O C E S S  ---------------

Threads class SMR info:
_java_thread_list=0x0000022a5202d0a0, length=29, elements={
0x0000022a32da9560, 0x0000022a4c64e610, 0x0000022a4c650eb0, 0x0000022a4c656610,
0x0000022a4c638a50, 0x0000022a4c8bb860, 0x0000022a4c8bd070, 0x0000022a4c8c0610,
0x0000022a4c8c1850, 0x0000022a4c8cd1c0, 0x0000022a4c8bb390, 0x0000022a4c8bbd30,
0x0000022a4c8bda10, 0x0000022a4c8bc200, 0x0000022a4c8bcba0, 0x0000022a4c8bc6d0,
0x0000022a4c8bd540, 0x0000022a4c8ba050, 0x0000022a4c8ba520, 0x0000022a4c8ba9f0,
0x0000022a4c8baec0, 0x0000022a510dcb10, 0x0000022a510da960, 0x0000022a510d9fc0,
0x0000022a510dae30, 0x0000022a510dcfe0, 0x0000022a510dc640, 0x0000022a510dbca0,
0x0000022a51c1b750
}

Java Threads: ( => current thread )
  0x0000022a32da9560 JavaThread "main" [_thread_blocked, id=8500, stack(0x0000007af3100000,0x0000007af3200000)]
  0x0000022a4c64e610 JavaThread "Reference Handler" daemon [_thread_blocked, id=1568, stack(0x0000007af3800000,0x0000007af3900000)]
  0x0000022a4c650eb0 JavaThread "Finalizer" daemon [_thread_blocked, id=9000, stack(0x0000007af3900000,0x0000007af3a00000)]
  0x0000022a4c656610 JavaThread "Signal Dispatcher" daemon [_thread_blocked, id=10616, stack(0x0000007af3a00000,0x0000007af3b00000)]
  0x0000022a4c638a50 JavaThread "Attach Listener" daemon [_thread_blocked, id=7240, stack(0x0000007af3b00000,0x0000007af3c00000)]
  0x0000022a4c8bb860 JavaThread "Service Thread" daemon [_thread_blocked, id=5108, stack(0x0000007af3c00000,0x0000007af3d00000)]
  0x0000022a4c8bd070 JavaThread "Monitor Deflation Thread" daemon [_thread_blocked, id=10884, stack(0x0000007af3d00000,0x0000007af3e00000)]
  0x0000022a4c8c0610 JavaThread "C2 CompilerThread0" daemon [_thread_blocked, id=2896, stack(0x0000007af3e00000,0x0000007af3f00000)]
  0x0000022a4c8c1850 JavaThread "C1 CompilerThread0" daemon [_thread_blocked, id=4108, stack(0x0000007af3f00000,0x0000007af4000000)]
  0x0000022a4c8cd1c0 JavaThread "Sweeper thread" daemon [_thread_blocked, id=2784, stack(0x0000007af4000000,0x0000007af4100000)]
  0x0000022a4c8bb390 JavaThread "Common-Cleaner" daemon [_thread_blocked, id=7264, stack(0x0000007af4100000,0x0000007af4200000)]
  0x0000022a4c8bbd30 JavaThread "Notification Thread" daemon [_thread_blocked, id=12996, stack(0x0000007af4200000,0x0000007af4300000)]
  0x0000022a4c8bda10 JavaThread "MongoShell ExecutorService" daemon [_thread_blocked, id=724, stack(0x0000007af4700000,0x0000007af4800000)]
  0x0000022a4c8bc200 JavaThread "MongoShell ExecutorService" daemon [_thread_blocked, id=4916, stack(0x0000007af4800000,0x0000007af4900000)]
  0x0000022a4c8bcba0 JavaThread "RMI TCP Accept-58939" daemon [_thread_in_native, id=2544, stack(0x0000007af4900000,0x0000007af4a00000)]
  0x0000022a4c8bc6d0 JavaThread "RMI TCP Accept-0" daemon [_thread_in_native, id=8712, stack(0x0000007af4a00000,0x0000007af4b00000)]
  0x0000022a4c8bd540 JavaThread "RMI Reaper" [_thread_blocked, id=12332, stack(0x0000007af4b00000,0x0000007af4c00000)]
  0x0000022a4c8ba050 JavaThread "RMI GC Daemon" daemon [_thread_blocked, id=12604, stack(0x0000007af4c00000,0x0000007af4d00000)]
  0x0000022a4c8ba520 JavaThread "RMI TCP Connection(1)-127.0.0.1" daemon [_thread_in_native, id=13124, stack(0x0000007af4e00000,0x0000007af4f00000)]
  0x0000022a4c8ba9f0 JavaThread "RMI TCP Connection(2)-127.0.0.1" daemon [_thread_in_native, id=2960, stack(0x0000007af4f00000,0x0000007af5000000)]
  0x0000022a4c8baec0 JavaThread "RMI Scheduler(0)" daemon [_thread_blocked, id=12788, stack(0x0000007af5000000,0x0000007af5100000)]
  0x0000022a510dcb10 JavaThread "RMI TCP Connection(3)-127.0.0.1" daemon [_thread_blocked, id=7008, stack(0x0000007af5100000,0x0000007af5200000)]
  0x0000022a510da960 JavaThread "RMI TCP Connection(4)-127.0.0.1" daemon [_thread_in_native, id=9172, stack(0x0000007af5200000,0x0000007af5300000)]
  0x0000022a510d9fc0 JavaThread "RMI RenewClean-[127.0.0.1:51245]" daemon [_thread_blocked, id=7792, stack(0x0000007af5300000,0x0000007af5400000)]
  0x0000022a510dae30 JavaThread "MongoShell ExecutorService" daemon [_thread_blocked, id=12120, stack(0x0000007af5400000,0x0000007af5500000)]
  0x0000022a510dcfe0 JavaThread "BufferPoolPruner-1-thread-1" daemon [_thread_blocked, id=3064, stack(0x0000007af5500000,0x0000007af5600000)]
  0x0000022a510dc640 JavaThread "cluster-ClusterId{value='64df1f26b4490451cdf572d3', description='DataGrip'}-localhost:27017" daemon [_thread_blocked, id=11744, stack(0x0000007af5600000,0x0000007af5700000)]
  0x0000022a510dbca0 JavaThread "cluster-rtt-ClusterId{value='64df1f26b4490451cdf572d3', description='DataGrip'}-localhost:27017" daemon [_thread_blocked, id=2368, stack(0x0000007af5700000,0x0000007af5800000)]
  0x0000022a51c1b750 JavaThread "C2 CompilerThread1" daemon [_thread_blocked, id=10932, stack(0x0000007af4d00000,0x0000007af4e00000)]

Other Threads:
=>0x0000022a4c6272c0 VMThread "VM Thread" [stack: 0x0000007af3700000,0x0000007af3800000] [id=13196]
  0x0000022a4ca33fa0 WatcherThread [stack: 0x0000007af4300000,0x0000007af4400000] [id=13000]
  0x0000022a32e07c40 GCTaskThread "GC Thread#0" [stack: 0x0000007af3200000,0x0000007af3300000] [id=7044]
  0x0000022a511c1f60 GCTaskThread "GC Thread#1" [stack: 0x0000007af4400000,0x0000007af4500000] [id=5212]
  0x0000022a511c2210 GCTaskThread "GC Thread#2" [stack: 0x0000007af4500000,0x0000007af4600000] [id=2792]
  0x0000022a51196d70 GCTaskThread "GC Thread#3" [stack: 0x0000007af4600000,0x0000007af4700000] [id=12840]
  0x0000022a32e18b80 ConcurrentGCThread "G1 Main Marker" [stack: 0x0000007af3300000,0x0000007af3400000] [id=9136]
  0x0000022a32e19590 ConcurrentGCThread "G1 Conc#0" [stack: 0x0000007af3400000,0x0000007af3500000] [id=10492]
  0x0000022a32e7e440 ConcurrentGCThread "G1 Refine#0" [stack: 0x0000007af3500000,0x0000007af3600000] [id=12948]
  0x0000022a529a8780 ConcurrentGCThread "G1 Refine#1" [stack: 0x0000007af5900000,0x0000007af5a00000] [id=8588]
  0x0000022a529a8d40 ConcurrentGCThread "G1 Refine#2" [stack: 0x0000007af5a00000,0x0000007af5b00000] [id=10076]
  0x0000022a4c4810a0 ConcurrentGCThread "G1 Service" [stack: 0x0000007af3600000,0x0000007af3700000] [id=6988]

Threads with active compile tasks:
C2 CompilerThread0     6812 3261       4       com.oracle.js.parser.Parser::statement (730 bytes)
C2 CompilerThread1     6812 3311       4       com.oracle.js.parser.Lexer::getValueOf (380 bytes)

VM state: at safepoint (normal execution)

VM Mutex/Monitor currently owned by a thread:  ([mutex/lock_event])
[0x0000022a32da4670] Threads_lock - owner thread: 0x0000022a4c6272c0
[0x0000022a32da5630] Heap_lock - owner thread: 0x0000022a4c8bc200

Heap address: 0x0000000080000000, size: 2048 MB, Compressed Oops mode: 32-bit

CDS archive(s) not mapped
Compressed class space mapped at: 0x0000000100000000-0x0000000140000000, reserved size: 1073741824
Narrow klass base: 0x0000000000000000, Narrow klass shift: 3, Narrow klass range: 0x140000000

GC Precious Log:
 CPUs: 4 total, 4 available
 Memory: 8097M
 Large Page Support: Disabled
 NUMA Support: Disabled
 Compressed Oops: Enabled (32-bit)
 Heap Region Size: 1M
 Heap Min Capacity: 128M
 Heap Initial Capacity: 128M
 Heap Max Capacity: 2G
 Pre-touch: Disabled
 Parallel Workers: 4
 Concurrent Workers: 1
 Concurrent Refinement Workers: 4
 Periodic GC: Disabled

Heap:
 garbage-first heap   total 194560K, used 136704K [0x0000000080000000, 0x0000000100000000)
  region size 1024K, 4 young (4096K), 4 survivors (4096K)
 Metaspace       used 35885K, committed 36224K, reserved 1114112K
  class space    used 3912K, committed 4096K, reserved 1048576K

Heap Regions: E=young(eden), S=young(survivor), O=old, HS=humongous(starts), HC=humongous(continues), CS=collection set, F=free, OA=open archive, CA=closed archive, TAMS=top-at-mark-start (previous, next)
|   0|0x0000000080000000, 0x0000000080100000, 0x0000000080100000|100%|HS|  |TAMS 0x0000000080100000, 0x0000000080100000| Complete 
|   1|0x0000000080100000, 0x0000000080200000, 0x0000000080200000|100%|HC|  |TAMS 0x0000000080200000, 0x0000000080200000| Complete 
|   2|0x0000000080200000, 0x0000000080300000, 0x0000000080300000|100%|HC|  |TAMS 0x0000000080300000, 0x0000000080300000| Complete 
|   3|0x0000000080300000, 0x0000000080400000, 0x0000000080400000|100%|HS|  |TAMS 0x0000000080400000, 0x0000000080400000| Complete 
|   4|0x0000000080400000, 0x0000000080500000, 0x0000000080500000|100%|HC|  |TAMS 0x0000000080500000, 0x0000000080500000| Complete 
|   5|0x0000000080500000, 0x0000000080600000, 0x0000000080600000|100%|HS|  |TAMS 0x0000000080600000, 0x0000000080600000| Complete 
|   6|0x0000000080600000, 0x0000000080700000, 0x0000000080700000|100%| O|  |TAMS 0x0000000080700000, 0x0000000080700000| Untracked 
|   7|0x0000000080700000, 0x0000000080800000, 0x0000000080800000|100%| O|  |TAMS 0x0000000080700000, 0x0000000080800000| Untracked 
|   8|0x0000000080800000, 0x0000000080900000, 0x0000000080900000|100%| O|  |TAMS 0x0000000080900000, 0x0000000080900000| Untracked 
|   9|0x0000000080900000, 0x0000000080a00000, 0x0000000080a00000|100%| O|  |TAMS 0x0000000080a00000, 0x0000000080a00000| Untracked 
|  10|0x0000000080a00000, 0x0000000080b00000, 0x0000000080b00000|100%| O|  |TAMS 0x0000000080b00000, 0x0000000080b00000| Untracked 
|  11|0x0000000080b00000, 0x0000000080c00000, 0x0000000080c00000|100%| O|  |TAMS 0x0000000080c00000, 0x0000000080c00000| Untracked 
|  12|0x0000000080c00000, 0x0000000080d00000, 0x0000000080d00000|100%| O|  |TAMS 0x0000000080d00000, 0x0000000080d00000| Untracked 
|  13|0x0000000080d00000, 0x0000000080e00000, 0x0000000080e00000|100%| O|  |TAMS 0x0000000080e00000, 0x0000000080e00000| Untracked 
|  14|0x0000000080e00000, 0x0000000080f00000, 0x0000000080f00000|100%| O|  |TAMS 0x0000000080f00000, 0x0000000080f00000| Untracked 
|  15|0x0000000080f00000, 0x0000000081000000, 0x0000000081000000|100%| O|  |TAMS 0x0000000081000000, 0x0000000081000000| Untracked 
|  16|0x0000000081000000, 0x0000000081100000, 0x0000000081100000|100%| O|  |TAMS 0x0000000081100000, 0x0000000081100000| Untracked 
|  17|0x0000000081100000, 0x0000000081200000, 0x0000000081200000|100%| O|  |TAMS 0x0000000081200000, 0x0000000081200000| Untracked 
|  18|0x0000000081200000, 0x0000000081300000, 0x0000000081300000|100%| O|  |TAMS 0x0000000081300000, 0x0000000081300000| Untracked 
|  19|0x0000000081300000, 0x0000000081400000, 0x0000000081400000|100%| O|  |TAMS 0x0000000081400000, 0x0000000081400000| Untracked 
|  20|0x0000000081400000, 0x0000000081500000, 0x0000000081500000|100%| O|  |TAMS 0x0000000081400000, 0x0000000081500000| Untracked 
|  21|0x0000000081500000, 0x0000000081600000, 0x0000000081600000|100%|HS|  |TAMS 0x0000000081600000, 0x0000000081600000| Complete 
|  22|0x0000000081600000, 0x0000000081700000, 0x0000000081700000|100%|HC|  |TAMS 0x0000000081700000, 0x0000000081700000| Complete 
|  23|0x0000000081700000, 0x0000000081800000, 0x0000000081800000|100%|HS|  |TAMS 0x0000000081800000, 0x0000000081800000| Complete 
|  24|0x0000000081800000, 0x0000000081900000, 0x0000000081900000|100%|HC|  |TAMS 0x0000000081900000, 0x0000000081900000| Complete 
|  25|0x0000000081900000, 0x0000000081a00000, 0x0000000081a00000|100%|HS|  |TAMS 0x0000000081a00000, 0x0000000081a00000| Complete 
|  26|0x0000000081a00000, 0x0000000081b00000, 0x0000000081b00000|100%|HC|  |TAMS 0x0000000081b00000, 0x0000000081b00000| Complete 
|  27|0x0000000081b00000, 0x0000000081c00000, 0x0000000081c00000|100%| O|  |TAMS 0x0000000081c00000, 0x0000000081c00000| Untracked 
|  28|0x0000000081c00000, 0x0000000081d00000, 0x0000000081d00000|100%| O|  |TAMS 0x0000000081d00000, 0x0000000081d00000| Untracked 
|  29|0x0000000081d00000, 0x0000000081e00000, 0x0000000081e00000|100%| O|  |TAMS 0x0000000081e00000, 0x0000000081e00000| Untracked 
|  30|0x0000000081e00000, 0x0000000081f00000, 0x0000000081f00000|100%| O|  |TAMS 0x0000000081f00000, 0x0000000081f00000| Untracked 
|  31|0x0000000081f00000, 0x0000000082000000, 0x0000000082000000|100%| O|  |TAMS 0x0000000082000000, 0x0000000082000000| Untracked 
|  32|0x0000000082000000, 0x0000000082100000, 0x0000000082100000|100%| O|  |TAMS 0x0000000082100000, 0x0000000082100000| Untracked 
|  33|0x0000000082100000, 0x0000000082200000, 0x0000000082200000|100%| O|  |TAMS 0x0000000082200000, 0x0000000082200000| Untracked 
|  34|0x0000000082200000, 0x0000000082300000, 0x0000000082300000|100%| O|  |TAMS 0x0000000082300000, 0x0000000082300000| Untracked 
|  35|0x0000000082300000, 0x0000000082400000, 0x0000000082400000|100%| O|  |TAMS 0x0000000082400000, 0x0000000082400000| Untracked 
|  36|0x0000000082400000, 0x0000000082500000, 0x0000000082500000|100%| O|  |TAMS 0x0000000082500000, 0x0000000082500000| Untracked 
|  37|0x0000000082500000, 0x0000000082600000, 0x0000000082600000|100%| O|  |TAMS 0x0000000082600000, 0x0000000082600000| Untracked 
|  38|0x0000000082600000, 0x0000000082700000, 0x0000000082700000|100%| O|  |TAMS 0x0000000082700000, 0x0000000082700000| Untracked 
|  39|0x0000000082700000, 0x0000000082800000, 0x0000000082800000|100%| O|  |TAMS 0x0000000082800000, 0x0000000082800000| Untracked 
|  40|0x0000000082800000, 0x0000000082900000, 0x0000000082900000|100%| O|  |TAMS 0x0000000082900000, 0x0000000082900000| Untracked 
|  41|0x0000000082900000, 0x0000000082a00000, 0x0000000082a00000|100%| O|  |TAMS 0x0000000082a00000, 0x0000000082a00000| Untracked 
|  42|0x0000000082a00000, 0x0000000082b00000, 0x0000000082b00000|100%| O|  |TAMS 0x0000000082b00000, 0x0000000082b00000| Untracked 
|  43|0x0000000082b00000, 0x0000000082c00000, 0x0000000082c00000|100%| O|  |TAMS 0x0000000082c00000, 0x0000000082c00000| Untracked 
|  44|0x0000000082c00000, 0x0000000082d00000, 0x0000000082d00000|100%| O|  |TAMS 0x0000000082d00000, 0x0000000082d00000| Untracked 
|  45|0x0000000082d00000, 0x0000000082e00000, 0x0000000082e00000|100%| O|  |TAMS 0x0000000082e00000, 0x0000000082e00000| Untracked 
|  46|0x0000000082e00000, 0x0000000082f00000, 0x0000000082f00000|100%| O|  |TAMS 0x0000000082f00000, 0x0000000082f00000| Untracked 
|  47|0x0000000082f00000, 0x0000000083000000, 0x0000000083000000|100%| O|  |TAMS 0x0000000083000000, 0x0000000083000000| Untracked 
|  48|0x0000000083000000, 0x0000000083100000, 0x0000000083100000|100%| O|  |TAMS 0x0000000083100000, 0x0000000083100000| Untracked 
|  49|0x0000000083100000, 0x0000000083200000, 0x0000000083200000|100%| O|  |TAMS 0x0000000083200000, 0x0000000083200000| Untracked 
|  50|0x0000000083200000, 0x0000000083300000, 0x0000000083300000|100%| O|  |TAMS 0x0000000083300000, 0x0000000083300000| Untracked 
|  51|0x0000000083300000, 0x0000000083400000, 0x0000000083400000|100%| O|  |TAMS 0x0000000083400000, 0x0000000083400000| Untracked 
|  52|0x0000000083400000, 0x0000000083500000, 0x0000000083500000|100%| O|  |TAMS 0x0000000083500000, 0x0000000083500000| Untracked 
|  53|0x0000000083500000, 0x0000000083600000, 0x0000000083600000|100%| O|  |TAMS 0x0000000083600000, 0x0000000083600000| Untracked 
|  54|0x0000000083600000, 0x0000000083700000, 0x0000000083700000|100%| O|  |TAMS 0x0000000083700000, 0x0000000083700000| Untracked 
|  55|0x0000000083700000, 0x0000000083800000, 0x0000000083800000|100%| O|  |TAMS 0x0000000083800000, 0x0000000083800000| Untracked 
|  56|0x0000000083800000, 0x0000000083900000, 0x0000000083900000|100%| O|  |TAMS 0x0000000083859600, 0x0000000083900000| Untracked 
|  57|0x0000000083900000, 0x0000000083a00000, 0x0000000083a00000|100%| O|  |TAMS 0x0000000083900000, 0x0000000083a00000| Untracked 
|  58|0x0000000083a00000, 0x0000000083b00000, 0x0000000083b00000|100%| O|  |TAMS 0x0000000083b00000, 0x0000000083b00000| Untracked 
|  59|0x0000000083b00000, 0x0000000083c00000, 0x0000000083c00000|100%| O|  |TAMS 0x0000000083b00000, 0x0000000083c00000| Untracked 
|  60|0x0000000083c00000, 0x0000000083d00000, 0x0000000083d00000|100%| O|  |TAMS 0x0000000083c00000, 0x0000000083d00000| Untracked 
|  61|0x0000000083d00000, 0x0000000083e00000, 0x0000000083e00000|100%| O|  |TAMS 0x0000000083d00000, 0x0000000083e00000| Untracked 
|  62|0x0000000083e00000, 0x0000000083f00000, 0x0000000083f00000|100%| O|  |TAMS 0x0000000083e00000, 0x0000000083f00000| Untracked 
|  63|0x0000000083f00000, 0x0000000084000000, 0x0000000084000000|100%| O|  |TAMS 0x0000000083f00000, 0x0000000084000000| Untracked 
|  64|0x0000000084000000, 0x0000000084100000, 0x0000000084100000|100%| O|  |TAMS 0x0000000084000000, 0x0000000084100000| Untracked 
|  65|0x0000000084100000, 0x0000000084200000, 0x0000000084200000|100%| O|  |TAMS 0x0000000084100000, 0x0000000084200000| Untracked 
|  66|0x0000000084200000, 0x0000000084300000, 0x0000000084300000|100%| O|  |TAMS 0x0000000084200000, 0x0000000084300000| Untracked 
|  67|0x0000000084300000, 0x0000000084400000, 0x0000000084400000|100%| O|  |TAMS 0x0000000084300000, 0x0000000084400000| Untracked 
|  68|0x0000000084400000, 0x0000000084500000, 0x0000000084500000|100%| O|  |TAMS 0x0000000084400000, 0x0000000084500000| Untracked 
|  69|0x0000000084500000, 0x0000000084600000, 0x0000000084600000|100%| O|  |TAMS 0x0000000084500000, 0x0000000084600000| Untracked 
|  70|0x0000000084600000, 0x0000000084700000, 0x0000000084700000|100%| O|  |TAMS 0x0000000084600000, 0x0000000084700000| Untracked 
|  71|0x0000000084700000, 0x0000000084800000, 0x0000000084800000|100%| O|  |TAMS 0x0000000084700000, 0x0000000084800000| Untracked 
|  72|0x0000000084800000, 0x0000000084900000, 0x0000000084900000|100%| O|  |TAMS 0x0000000084800000, 0x0000000084900000| Untracked 
|  73|0x0000000084900000, 0x0000000084a00000, 0x0000000084a00000|100%| O|  |TAMS 0x0000000084900000, 0x0000000084a00000| Untracked 
|  74|0x0000000084a00000, 0x0000000084b00000, 0x0000000084b00000|100%| O|  |TAMS 0x0000000084a00000, 0x0000000084b00000| Untracked 
|  75|0x0000000084b00000, 0x0000000084c00000, 0x0000000084c00000|100%| O|  |TAMS 0x0000000084b00000, 0x0000000084c00000| Untracked 
|  76|0x0000000084c00000, 0x0000000084d00000, 0x0000000084d00000|100%| O|  |TAMS 0x0000000084c00000, 0x0000000084d00000| Untracked 
|  77|0x0000000084d00000, 0x0000000084e00000, 0x0000000084e00000|100%| O|  |TAMS 0x0000000084d00000, 0x0000000084e00000| Untracked 
|  78|0x0000000084e00000, 0x0000000084f00000, 0x0000000084f00000|100%| O|  |TAMS 0x0000000084e00000, 0x0000000084f00000| Untracked 
|  79|0x0000000084f00000, 0x0000000085000000, 0x0000000085000000|100%| O|  |TAMS 0x0000000084f00000, 0x0000000085000000| Untracked 
|  80|0x0000000085000000, 0x0000000085100000, 0x0000000085100000|100%| O|  |TAMS 0x0000000085000000, 0x0000000085100000| Untracked 
|  81|0x0000000085100000, 0x0000000085200000, 0x0000000085200000|100%| O|  |TAMS 0x0000000085100000, 0x0000000085200000| Untracked 
|  82|0x0000000085200000, 0x0000000085300000, 0x0000000085300000|100%| O|  |TAMS 0x0000000085200000, 0x0000000085300000| Untracked 
|  83|0x0000000085300000, 0x0000000085400000, 0x0000000085400000|100%| O|  |TAMS 0x0000000085300000, 0x0000000085400000| Untracked 
|  84|0x0000000085400000, 0x0000000085500000, 0x0000000085500000|100%| O|  |TAMS 0x0000000085400000, 0x0000000085500000| Untracked 
|  85|0x0000000085500000, 0x0000000085600000, 0x0000000085600000|100%| O|  |TAMS 0x0000000085500000, 0x0000000085600000| Untracked 
|  86|0x0000000085600000, 0x0000000085700000, 0x0000000085700000|100%| O|  |TAMS 0x0000000085600000, 0x0000000085600000| Untracked 
|  87|0x0000000085700000, 0x0000000085800000, 0x0000000085800000|100%| O|  |TAMS 0x0000000085700000, 0x0000000085700000| Untracked 
|  88|0x0000000085800000, 0x0000000085900000, 0x0000000085900000|100%| O|  |TAMS 0x0000000085800000, 0x0000000085800000| Untracked 
|  89|0x0000000085900000, 0x0000000085a00000, 0x0000000085a00000|100%| O|  |TAMS 0x0000000085900000, 0x0000000085900000| Untracked 
|  90|0x0000000085a00000, 0x0000000085b00000, 0x0000000085b00000|100%| O|  |TAMS 0x0000000085a00000, 0x0000000085a00000| Untracked 
|  91|0x0000000085b00000, 0x0000000085c00000, 0x0000000085c00000|100%| O|  |TAMS 0x0000000085b00000, 0x0000000085b00000| Untracked 
|  92|0x0000000085c00000, 0x0000000085d00000, 0x0000000085d00000|100%| O|  |TAMS 0x0000000085c00000, 0x0000000085c00000| Untracked 
|  93|0x0000000085d00000, 0x0000000085e00000, 0x0000000085e00000|100%| O|  |TAMS 0x0000000085d00000, 0x0000000085d00000| Untracked 
|  94|0x0000000085e00000, 0x0000000085f00000, 0x0000000085f00000|100%| O|  |TAMS 0x0000000085e00000, 0x0000000085e00000| Untracked 
|  95|0x0000000085f00000, 0x0000000086000000, 0x0000000086000000|100%| O|  |TAMS 0x0000000085f00000, 0x0000000085f00000| Untracked 
|  96|0x0000000086000000, 0x0000000086100000, 0x0000000086100000|100%| O|  |TAMS 0x0000000086000000, 0x0000000086000000| Untracked 
|  97|0x0000000086100000, 0x0000000086200000, 0x0000000086200000|100%| O|  |TAMS 0x0000000086100000, 0x0000000086100000| Untracked 
|  98|0x0000000086200000, 0x0000000086280000, 0x0000000086300000| 50%| O|  |TAMS 0x0000000086200000, 0x0000000086200000| Untracked 
|  99|0x0000000086300000, 0x0000000086300000, 0x0000000086400000|  0%| F|  |TAMS 0x0000000086300000, 0x0000000086300000| Untracked 
| 100|0x0000000086400000, 0x0000000086400000, 0x0000000086500000|  0%| F|  |TAMS 0x0000000086400000, 0x0000000086400000| Untracked 
| 101|0x0000000086500000, 0x0000000086500000, 0x0000000086600000|  0%| F|  |TAMS 0x0000000086500000, 0x0000000086500000| Untracked 
| 102|0x0000000086600000, 0x0000000086600000, 0x0000000086700000|  0%| F|  |TAMS 0x0000000086600000, 0x0000000086600000| Untracked 
| 103|0x0000000086700000, 0x0000000086700000, 0x0000000086800000|  0%| F|  |TAMS 0x0000000086700000, 0x0000000086700000| Untracked 
| 104|0x0000000086800000, 0x0000000086800000, 0x0000000086900000|  0%| F|  |TAMS 0x0000000086800000, 0x0000000086800000| Untracked 
| 105|0x0000000086900000, 0x0000000086900000, 0x0000000086a00000|  0%| F|  |TAMS 0x0000000086900000, 0x0000000086900000| Untracked 
| 106|0x0000000086a00000, 0x0000000086a00000, 0x0000000086b00000|  0%| F|  |TAMS 0x0000000086a00000, 0x0000000086a00000| Untracked 
| 107|0x0000000086b00000, 0x0000000086b00000, 0x0000000086c00000|  0%| F|  |TAMS 0x0000000086b00000, 0x0000000086b00000| Untracked 
| 108|0x0000000086c00000, 0x0000000086c00000, 0x0000000086d00000|  0%| F|  |TAMS 0x0000000086c00000, 0x0000000086c00000| Untracked 
| 109|0x0000000086d00000, 0x0000000086d00000, 0x0000000086e00000|  0%| F|  |TAMS 0x0000000086d00000, 0x0000000086d00000| Untracked 
| 110|0x0000000086e00000, 0x0000000086e00000, 0x0000000086f00000|  0%| F|  |TAMS 0x0000000086e00000, 0x0000000086e00000| Untracked 
| 111|0x0000000086f00000, 0x0000000086f00000, 0x0000000087000000|  0%| F|  |TAMS 0x0000000086f00000, 0x0000000086f00000| Untracked 
| 112|0x0000000087000000, 0x0000000087000000, 0x0000000087100000|  0%| F|  |TAMS 0x0000000087000000, 0x0000000087000000| Untracked 
| 113|0x0000000087100000, 0x0000000087100000, 0x0000000087200000|  0%| F|  |TAMS 0x0000000087100000, 0x0000000087100000| Untracked 
| 114|0x0000000087200000, 0x0000000087200000, 0x0000000087300000|  0%| F|  |TAMS 0x0000000087200000, 0x0000000087200000| Untracked 
| 115|0x0000000087300000, 0x0000000087300000, 0x0000000087400000|  0%| F|  |TAMS 0x0000000087300000, 0x0000000087300000| Untracked 
| 116|0x0000000087400000, 0x0000000087400000, 0x0000000087500000|  0%| F|  |TAMS 0x0000000087400000, 0x0000000087400000| Untracked 
| 117|0x0000000087500000, 0x0000000087500000, 0x0000000087600000|  0%| F|  |TAMS 0x0000000087500000, 0x0000000087500000| Untracked 
| 118|0x0000000087600000, 0x0000000087600000, 0x0000000087700000|  0%| F|  |TAMS 0x0000000087600000, 0x0000000087600000| Untracked 
| 119|0x0000000087700000, 0x0000000087700000, 0x0000000087800000|  0%| F|  |TAMS 0x0000000087700000, 0x0000000087700000| Untracked 
| 120|0x0000000087800000, 0x0000000087800000, 0x0000000087900000|  0%| F|  |TAMS 0x0000000087800000, 0x0000000087800000| Untracked 
| 121|0x0000000087900000, 0x0000000087900000, 0x0000000087a00000|  0%| F|  |TAMS 0x0000000087900000, 0x0000000087900000| Untracked 
| 122|0x0000000087a00000, 0x0000000087a00000, 0x0000000087b00000|  0%| F|  |TAMS 0x0000000087a00000, 0x0000000087a00000| Untracked 
| 123|0x0000000087b00000, 0x0000000087b00000, 0x0000000087c00000|  0%| F|  |TAMS 0x0000000087b00000, 0x0000000087b00000| Untracked 
| 124|0x0000000087c00000, 0x0000000087c00000, 0x0000000087d00000|  0%| F|  |TAMS 0x0000000087c00000, 0x0000000087c00000| Untracked 
| 125|0x0000000087d00000, 0x0000000087d00000, 0x0000000087e00000|  0%| F|  |TAMS 0x0000000087d00000, 0x0000000087d00000| Untracked 
| 126|0x0000000087e00000, 0x0000000087e00000, 0x0000000087f00000|  0%| F|  |TAMS 0x0000000087e00000, 0x0000000087e00000| Untracked 
| 127|0x0000000087f00000, 0x0000000087f00000, 0x0000000088000000|  0%| F|  |TAMS 0x0000000087f00000, 0x0000000087f00000| Untracked 
| 128|0x0000000088000000, 0x0000000088000000, 0x0000000088100000|  0%| F|  |TAMS 0x0000000088000000, 0x0000000088000000| Untracked 
| 129|0x0000000088100000, 0x0000000088100000, 0x0000000088200000|  0%| F|  |TAMS 0x0000000088100000, 0x0000000088100000| Untracked 
| 130|0x0000000088200000, 0x0000000088200000, 0x0000000088300000|  0%| F|  |TAMS 0x0000000088200000, 0x0000000088200000| Untracked 
| 131|0x0000000088300000, 0x0000000088400000, 0x0000000088400000|100%| S|CS|TAMS 0x0000000088300000, 0x0000000088300000| Complete 
| 132|0x0000000088400000, 0x0000000088500000, 0x0000000088500000|100%| S|CS|TAMS 0x0000000088400000, 0x0000000088400000| Complete 
| 133|0x0000000088500000, 0x0000000088600000, 0x0000000088600000|100%| S|CS|TAMS 0x0000000088500000, 0x0000000088500000| Complete 
| 134|0x0000000088600000, 0x0000000088700000, 0x0000000088700000|100%| S|CS|TAMS 0x0000000088600000, 0x0000000088600000| Complete 
| 135|0x0000000088700000, 0x0000000088700000, 0x0000000088800000|  0%| F|  |TAMS 0x0000000088700000, 0x0000000088700000| Untracked 
| 136|0x0000000088800000, 0x0000000088800000, 0x0000000088900000|  0%| F|  |TAMS 0x0000000088800000, 0x0000000088800000| Untracked 
| 137|0x0000000088900000, 0x0000000088900000, 0x0000000088a00000|  0%| F|  |TAMS 0x0000000088900000, 0x0000000088900000| Untracked 
| 138|0x0000000088a00000, 0x0000000088a00000, 0x0000000088b00000|  0%| F|  |TAMS 0x0000000088a00000, 0x0000000088a00000| Untracked 
| 139|0x0000000088b00000, 0x0000000088b00000, 0x0000000088c00000|  0%| F|  |TAMS 0x0000000088b00000, 0x0000000088b00000| Untracked 
| 140|0x0000000088c00000, 0x0000000088c00000, 0x0000000088d00000|  0%| F|  |TAMS 0x0000000088c00000, 0x0000000088c00000| Untracked 
| 141|0x0000000088d00000, 0x0000000088d00000, 0x0000000088e00000|  0%| F|  |TAMS 0x0000000088d00000, 0x0000000088d00000| Untracked 
| 142|0x0000000088e00000, 0x0000000088e00000, 0x0000000088f00000|  0%| F|  |TAMS 0x0000000088e00000, 0x0000000088e00000| Untracked 
| 143|0x0000000088f00000, 0x0000000088f00000, 0x0000000089000000|  0%| F|  |TAMS 0x0000000088f00000, 0x0000000088f00000| Untracked 
| 144|0x0000000089000000, 0x0000000089000000, 0x0000000089100000|  0%| F|  |TAMS 0x0000000089000000, 0x0000000089000000| Untracked 
| 145|0x0000000089100000, 0x0000000089100000, 0x0000000089200000|  0%| F|  |TAMS 0x0000000089100000, 0x0000000089100000| Untracked 
| 146|0x0000000089200000, 0x0000000089200000, 0x0000000089300000|  0%| F|  |TAMS 0x0000000089200000, 0x0000000089200000| Untracked 
| 147|0x0000000089300000, 0x0000000089300000, 0x0000000089400000|  0%| F|  |TAMS 0x0000000089300000, 0x0000000089300000| Untracked 
| 148|0x0000000089400000, 0x0000000089400000, 0x0000000089500000|  0%| F|  |TAMS 0x0000000089400000, 0x0000000089400000| Untracked 
| 149|0x0000000089500000, 0x0000000089500000, 0x0000000089600000|  0%| F|  |TAMS 0x0000000089500000, 0x0000000089500000| Untracked 
| 150|0x0000000089600000, 0x0000000089600000, 0x0000000089700000|  0%| F|  |TAMS 0x0000000089600000, 0x0000000089600000| Untracked 
| 151|0x0000000089700000, 0x0000000089700000, 0x0000000089800000|  0%| F|  |TAMS 0x0000000089700000, 0x0000000089700000| Untracked 
| 152|0x0000000089800000, 0x0000000089800000, 0x0000000089900000|  0%| F|  |TAMS 0x0000000089800000, 0x0000000089800000| Untracked 
| 153|0x0000000089900000, 0x0000000089900000, 0x0000000089a00000|  0%| F|  |TAMS 0x0000000089900000, 0x0000000089900000| Untracked 
| 154|0x0000000089a00000, 0x0000000089a00000, 0x0000000089b00000|  0%| F|  |TAMS 0x0000000089a00000, 0x0000000089a00000| Untracked 
| 155|0x0000000089b00000, 0x0000000089b00000, 0x0000000089c00000|  0%| F|  |TAMS 0x0000000089b00000, 0x0000000089b00000| Untracked 
| 156|0x0000000089c00000, 0x0000000089c00000, 0x0000000089d00000|  0%| F|  |TAMS 0x0000000089c00000, 0x0000000089c00000| Untracked 
| 157|0x0000000089d00000, 0x0000000089d00000, 0x0000000089e00000|  0%| F|  |TAMS 0x0000000089d00000, 0x0000000089d00000| Untracked 
| 158|0x0000000089e00000, 0x0000000089e00000, 0x0000000089f00000|  0%| F|  |TAMS 0x0000000089e00000, 0x0000000089e00000| Untracked 
| 159|0x0000000089f00000, 0x000000008a000000, 0x000000008a000000|100%|HS|  |TAMS 0x000000008a000000, 0x000000008a000000| Complete 
| 160|0x000000008a000000, 0x000000008a100000, 0x000000008a100000|100%|HC|  |TAMS 0x000000008a100000, 0x000000008a100000| Complete 
| 161|0x000000008a100000, 0x000000008a200000, 0x000000008a200000|100%|HC|  |TAMS 0x000000008a200000, 0x000000008a200000| Complete 
| 162|0x000000008a200000, 0x000000008a300000, 0x000000008a300000|100%|HC|  |TAMS 0x000000008a300000, 0x000000008a300000| Complete 
| 163|0x000000008a300000, 0x000000008a400000, 0x000000008a400000|100%|HC|  |TAMS 0x000000008a400000, 0x000000008a400000| Complete 
| 164|0x000000008a400000, 0x000000008a500000, 0x000000008a500000|100%|HC|  |TAMS 0x000000008a500000, 0x000000008a500000| Complete 
| 165|0x000000008a500000, 0x000000008a600000, 0x000000008a600000|100%|HC|  |TAMS 0x000000008a600000, 0x000000008a600000| Complete 
| 166|0x000000008a600000, 0x000000008a700000, 0x000000008a700000|100%|HC|  |TAMS 0x000000008a700000, 0x000000008a700000| Complete 
| 167|0x000000008a700000, 0x000000008a800000, 0x000000008a800000|100%|HC|  |TAMS 0x000000008a800000, 0x000000008a800000| Complete 
| 168|0x000000008a800000, 0x000000008a900000, 0x000000008a900000|100%|HC|  |TAMS 0x000000008a900000, 0x000000008a900000| Complete 
| 169|0x000000008a900000, 0x000000008aa00000, 0x000000008aa00000|100%|HC|  |TAMS 0x000000008aa00000, 0x000000008aa00000| Complete 
| 170|0x000000008aa00000, 0x000000008ab00000, 0x000000008ab00000|100%|HC|  |TAMS 0x000000008ab00000, 0x000000008ab00000| Complete 
| 171|0x000000008ab00000, 0x000000008ac00000, 0x000000008ac00000|100%|HC|  |TAMS 0x000000008ac00000, 0x000000008ac00000| Complete 
| 172|0x000000008ac00000, 0x000000008ad00000, 0x000000008ad00000|100%|HC|  |TAMS 0x000000008ad00000, 0x000000008ad00000| Complete 
| 173|0x000000008ad00000, 0x000000008ae00000, 0x000000008ae00000|100%|HC|  |TAMS 0x000000008ae00000, 0x000000008ae00000| Complete 
| 174|0x000000008ae00000, 0x000000008af00000, 0x000000008af00000|100%|HC|  |TAMS 0x000000008af00000, 0x000000008af00000| Complete 
| 175|0x000000008af00000, 0x000000008b000000, 0x000000008b000000|100%|HC|  |TAMS 0x000000008b000000, 0x000000008b000000| Complete 
| 176|0x000000008b000000, 0x000000008b100000, 0x000000008b100000|100%|HC|  |TAMS 0x000000008b100000, 0x000000008b100000| Complete 
| 177|0x000000008b100000, 0x000000008b200000, 0x000000008b200000|100%|HC|  |TAMS 0x000000008b200000, 0x000000008b200000| Complete 
| 178|0x000000008b200000, 0x000000008b300000, 0x000000008b300000|100%|HC|  |TAMS 0x000000008b300000, 0x000000008b300000| Complete 
| 179|0x000000008b300000, 0x000000008b400000, 0x000000008b400000|100%|HC|  |TAMS 0x000000008b400000, 0x000000008b400000| Complete 
| 180|0x000000008b400000, 0x000000008b500000, 0x000000008b500000|100%|HC|  |TAMS 0x000000008b500000, 0x000000008b500000| Complete 
| 181|0x000000008b500000, 0x000000008b600000, 0x000000008b600000|100%|HC|  |TAMS 0x000000008b600000, 0x000000008b600000| Complete 
| 182|0x000000008b600000, 0x000000008b700000, 0x000000008b700000|100%|HC|  |TAMS 0x000000008b700000, 0x000000008b700000| Complete 
| 183|0x000000008b700000, 0x000000008b800000, 0x000000008b800000|100%|HC|  |TAMS 0x000000008b800000, 0x000000008b800000| Complete 
| 184|0x000000008b800000, 0x000000008b900000, 0x000000008b900000|100%|HC|  |TAMS 0x000000008b900000, 0x000000008b900000| Complete 
| 185|0x000000008b900000, 0x000000008ba00000, 0x000000008ba00000|100%|HC|  |TAMS 0x000000008ba00000, 0x000000008ba00000| Complete 
| 186|0x000000008ba00000, 0x000000008bb00000, 0x000000008bb00000|100%|HC|  |TAMS 0x000000008bb00000, 0x000000008bb00000| Complete 
| 187|0x000000008bb00000, 0x000000008bc00000, 0x000000008bc00000|100%|HC|  |TAMS 0x000000008bc00000, 0x000000008bc00000| Complete 
| 188|0x000000008bc00000, 0x000000008bd00000, 0x000000008bd00000|100%|HC|  |TAMS 0x000000008bd00000, 0x000000008bd00000| Complete 
| 189|0x000000008bd00000, 0x000000008be00000, 0x000000008be00000|100%|HC|  |TAMS 0x000000008be00000, 0x000000008be00000| Complete 

Card table byte_map: [0x0000022a45930000,0x0000022a45d30000] _byte_map_base: 0x0000022a45530000

Marking Bits (Prev, Next): (CMBitMap*) 0x0000022a32e08250, (CMBitMap*) 0x0000022a32e08290
 Prev Bits: [0x0000022a46130000, 0x0000022a48130000)
 Next Bits: [0x0000022a48130000, 0x0000022a4a130000)

Polling page: 0x0000022a30d00000

Metaspace:

Usage:
  Non-class:     31.22 MB used.
      Class:      3.82 MB used.
       Both:     35.04 MB used.

Virtual space:
  Non-class space:       64.00 MB reserved,      31.38 MB ( 49%) committed,  1 nodes.
      Class space:        1.00 GB reserved,       4.00 MB ( <1%) committed,  1 nodes.
             Both:        1.06 GB reserved,      35.38 MB (  3%) committed. 

Chunk freelists:
   Non-Class:  705.00 KB
       Class:  11.99 MB
        Both:  12.68 MB

MaxMetaspaceSize: unlimited
CompressedClassSpaceSize: 1.00 GB
Initial GC threshold: 21.00 MB
Current GC threshold: 58.88 MB
CDS: off
MetaspaceReclaimPolicy: balanced
 - commit_granule_bytes: 65536.
 - commit_granule_words: 8192.
 - virtual_space_node_default_size: 8388608.
 - enlarge_chunks_in_place: 1.
 - new_chunks_are_fully_committed: 0.
 - uncommit_free_chunks: 1.
 - use_allocation_guard: 0.
 - handle_deallocations: 1.


Internal statistics:

num_allocs_failed_limit: 3.
num_arena_births: 284.
num_arena_deaths: 16.
num_vsnodes_births: 2.
num_vsnodes_deaths: 0.
num_space_committed: 566.
num_space_uncommitted: 0.
num_chunks_returned_to_freelist: 27.
num_chunks_taken_from_freelist: 1256.
num_chunk_merges: 3.
num_chunk_splits: 878.
num_chunks_enlarged: 630.
num_inconsistent_stats: 0.

CodeHeap 'non-profiled nmethods': size=120000Kb used=1720Kb max_used=1720Kb free=118279Kb
 bounds [0x0000022a3e000000, 0x0000022a3e270000, 0x0000022a45530000]
CodeHeap 'profiled nmethods': size=120000Kb used=5976Kb max_used=5976Kb free=114023Kb
 bounds [0x0000022a36530000, 0x0000022a36b10000, 0x0000022a3da60000]
CodeHeap 'non-nmethods': size=5760Kb used=1362Kb max_used=1445Kb free=4397Kb
 bounds [0x0000022a3da60000, 0x0000022a3dcd0000, 0x0000022a3e000000]
 total_blobs=3981 nmethods=3278 adapters=615
 compilation: enabled
              stopped_count=0, restarted_count=0
 full_count=0

Compilation events (20 events):
Event: 6.666 Thread 0x0000022a51c1b750 nmethod 3294 0x0000022a3e1ac110 code [0x0000022a3e1ac2a0, 0x0000022a3e1ac578]
Event: 6.666 Thread 0x0000022a51c1b750 3280       4       com.oracle.js.parser.Parser::bindingIdentifier (22 bytes)
Event: 6.679 Thread 0x0000022a51c1b750 nmethod 3280 0x0000022a3e1ac710 code [0x0000022a3e1ac8c0, 0x0000022a3e1acb38]
Event: 6.679 Thread 0x0000022a51c1b750 3287       4       com.oracle.js.parser.ir.Scope::computeFlags (77 bytes)
Event: 6.681 Thread 0x0000022a51c1b750 nmethod 3287 0x0000022a3e1ace10 code [0x0000022a3e1acf80, 0x0000022a3e1ad058]
Event: 6.681 Thread 0x0000022a51c1b750 3296       4       com.oracle.js.parser.Parser::expression (11 bytes)
Event: 6.684 Thread 0x0000022a4c8c1850 3306       2       com.oracle.js.parser.Parser::markApplyArgumentsCall (98 bytes)
Event: 6.684 Thread 0x0000022a4c8c1850 nmethod 3306 0x0000022a36b04510 code [0x0000022a36b046e0, 0x0000022a36b04918]
Event: 6.684 Thread 0x0000022a4c8c1850 3307       2       com.oracle.js.parser.ir.IdentNode::setIsApplyArguments (25 bytes)
Event: 6.685 Thread 0x0000022a4c8c1850 nmethod 3307 0x0000022a36b04a90 code [0x0000022a36b04c40, 0x0000022a36b04f48]
Event: 6.692 Thread 0x0000022a4c8c1850 3310       2       com.oracle.truffle.regex.RegexSource::getEncoding (8 bytes)
Event: 6.692 Thread 0x0000022a4c8c1850 nmethod 3310 0x0000022a36b05090 code [0x0000022a36b05220, 0x0000022a36b05338]
Event: 6.696 Thread 0x0000022a4c8c1850 3312       2       com.oracle.truffle.polyglot.PolyglotContextImpl::checkCancelled (47 bytes)
Event: 6.697 Thread 0x0000022a4c8c1850 nmethod 3312 0x0000022a36b05410 code [0x0000022a36b055c0, 0x0000022a36b05788]
Event: 6.697 Thread 0x0000022a4c8c1850 3313       2       com.oracle.truffle.polyglot.PolyglotContextImpl$State::isClosed (44 bytes)
Event: 6.697 Thread 0x0000022a4c8c1850 nmethod 3313 0x0000022a36b05910 code [0x0000022a36b05aa0, 0x0000022a36b05c18]
Event: 6.697 Thread 0x0000022a4c8c1850 3314       2       com.oracle.truffle.regex.charset.SortedListOfRanges::getMin (31 bytes)
Event: 6.697 Thread 0x0000022a4c8c1850 nmethod 3314 0x0000022a36b05d10 code [0x0000022a36b05ea0, 0x0000022a36b05fc8]
Event: 6.701 Thread 0x0000022a51c1b750 nmethod 3296 0x0000022a3e1ad110 code [0x0000022a3e1ad300, 0x0000022a3e1adb30]
Event: 6.701 Thread 0x0000022a51c1b750 3311       4       com.oracle.js.parser.Lexer::getValueOf (380 bytes)

GC Heap History (17 events):
Event: 0.664 GC heap before
{Heap before GC invocations=0 (full 0):
 garbage-first heap   total 131072K, used 18432K [0x0000000080000000, 0x0000000100000000)
  region size 1024K, 13 young (13312K), 0 survivors (0K)
 Metaspace       used 11634K, committed 11776K, reserved 1114112K
  class space    used 1042K, committed 1088K, reserved 1048576K
}
Event: 0.667 GC heap after
{Heap after GC invocations=1 (full 0):
 garbage-first heap   total 131072K, used 9054K [0x0000000080000000, 0x0000000100000000)
  region size 1024K, 2 young (2048K), 2 survivors (2048K)
 Metaspace       used 11634K, committed 11776K, reserved 1114112K
  class space    used 1042K, committed 1088K, reserved 1048576K
}
Event: 1.213 GC heap before
{Heap before GC invocations=1 (full 0):
 garbage-first heap   total 131072K, used 24414K [0x0000000080000000, 0x0000000100000000)
  region size 1024K, 18 young (18432K), 2 survivors (2048K)
 Metaspace       used 19683K, committed 19968K, reserved 1114112K
  class space    used 1889K, committed 1984K, reserved 1048576K
}
Event: 1.219 GC heap after
{Heap after GC invocations=2 (full 0):
 garbage-first heap   total 131072K, used 10667K [0x0000000080000000, 0x0000000100000000)
  region size 1024K, 2 young (2048K), 2 survivors (2048K)
 Metaspace       used 19683K, committed 19968K, reserved 1114112K
  class space    used 1889K, committed 1984K, reserved 1048576K
}
Event: 1.300 GC heap before
{Heap before GC invocations=2 (full 0):
 garbage-first heap   total 131072K, used 15787K [0x0000000080000000, 0x0000000100000000)
  region size 1024K, 8 young (8192K), 2 survivors (2048K)
 Metaspace       used 21220K, committed 21504K, reserved 1114112K
  class space    used 2059K, committed 2240K, reserved 1048576K
}
Event: 1.303 GC heap after
{Heap after GC invocations=3 (full 0):
 garbage-first heap   total 131072K, used 11177K [0x0000000080000000, 0x0000000100000000)
  region size 1024K, 2 young (2048K), 2 survivors (2048K)
 Metaspace       used 21220K, committed 21504K, reserved 1114112K
  class space    used 2059K, committed 2240K, reserved 1048576K
}
Event: 3.110 GC heap before
{Heap before GC invocations=4 (full 0):
 garbage-first heap   total 194560K, used 181161K [0x0000000080000000, 0x0000000100000000)
  region size 1024K, 58 young (59392K), 2 survivors (2048K)
 Metaspace       used 35454K, committed 35840K, reserved 1114112K
  class space    used 3915K, committed 4096K, reserved 1048576K
}
Event: 3.133 GC heap after
{Heap after GC invocations=5 (full 0):
 garbage-first heap   total 194560K, used 52808K [0x0000000080000000, 0x0000000100000000)
  region size 1024K, 10 young (10240K), 10 survivors (10240K)
 Metaspace       used 35454K, committed 35840K, reserved 1114112K
  class space    used 3915K, committed 4096K, reserved 1048576K
}
Event: 3.141 GC heap before
{Heap before GC invocations=5 (full 0):
 garbage-first heap   total 194560K, used 53832K [0x0000000080000000, 0x0000000100000000)
  region size 1024K, 11 young (11264K), 10 survivors (10240K)
 Metaspace       used 35454K, committed 35840K, reserved 1114112K
  class space    used 3915K, committed 4096K, reserved 1048576K
}
Event: 3.159 GC heap after
{Heap after GC invocations=6 (full 0):
 garbage-first heap   total 194560K, used 54533K [0x0000000080000000, 0x0000000100000000)
  region size 1024K, 2 young (2048K), 2 survivors (2048K)
 Metaspace       used 35454K, committed 35840K, reserved 1114112K
  class space    used 3915K, committed 4096K, reserved 1048576K
}
Event: 4.315 GC heap before
{Heap before GC invocations=6 (full 0):
 garbage-first heap   total 194560K, used 150789K [0x0000000080000000, 0x0000000100000000)
  region size 1024K, 88 young (90112K), 2 survivors (2048K)
 Metaspace       used 35885K, committed 36160K, reserved 1114112K
  class space    used 3916K, committed 4096K, reserved 1048576K
}
Event: 4.364 GC heap after
{Heap after GC invocations=7 (full 0):
 garbage-first heap   total 194560K, used 99685K [0x0000000080000000, 0x0000000100000000)
  region size 1024K, 11 young (11264K), 11 survivors (11264K)
 Metaspace       used 35885K, committed 36160K, reserved 1114112K
  class space    used 3916K, committed 4096K, reserved 1048576K
}
Event: 4.674 GC heap before
{Heap before GC invocations=7 (full 0):
 garbage-first heap   total 194560K, used 120165K [0x0000000080000000, 0x0000000100000000)
  region size 1024K, 31 young (31744K), 11 survivors (11264K)
 Metaspace       used 35892K, committed 36160K, reserved 1114112K
  class space    used 3916K, committed 4096K, reserved 1048576K
}
Event: 4.739 GC heap after
{Heap after GC invocations=8 (full 0):
 garbage-first heap   total 194560K, used 110592K [0x0000000080000000, 0x0000000100000000)
  region size 1024K, 4 young (4096K), 4 survivors (4096K)
 Metaspace       used 35892K, committed 36160K, reserved 1114112K
  class space    used 3916K, committed 4096K, reserved 1048576K
}
Event: 5.518 GC heap before
{Heap before GC invocations=9 (full 0):
 garbage-first heap   total 194560K, used 143360K [0x0000000080000000, 0x0000000100000000)
  region size 1024K, 36 young (36864K), 4 survivors (4096K)
 Metaspace       used 35874K, committed 36160K, reserved 1114112K
  class space    used 3911K, committed 4096K, reserved 1048576K
}
Event: 5.552 GC heap after
{Heap after GC invocations=10 (full 0):
 garbage-first heap   total 194560K, used 124928K [0x0000000080000000, 0x0000000100000000)
  region size 1024K, 5 young (5120K), 5 survivors (5120K)
 Metaspace       used 35874K, committed 36160K, reserved 1114112K
  class space    used 3911K, committed 4096K, reserved 1048576K
}
Event: 6.706 GC heap before
{Heap before GC invocations=10 (full 0):
 garbage-first heap   total 194560K, used 149504K [0x0000000080000000, 0x0000000100000000)
  region size 1024K, 29 young (29696K), 5 survivors (5120K)
 Metaspace       used 35885K, committed 36224K, reserved 1114112K
  class space    used 3912K, committed 4096K, reserved 1048576K
}

Dll operation events (1 events):
Event: 0.016 Loaded shared library C:\Program Files\JetBrains\IntelliJ IDEA 2023.2\jbr\bin\java.dll

Deoptimization events (20 events):
Event: 3.936 Thread 0x0000022a4c8bc200 DEOPT PACKING pc=0x0000022a369689c1 sp=0x0000007af48fb550
Event: 3.936 Thread 0x0000022a4c8bc200 DEOPT UNPACKING pc=0x0000022a3dab7143 sp=0x0000007af48faa50 mode 0
Event: 4.149 Thread 0x0000022a4c8bc200 Uncommon trap: trap_request=0xffffff45 fr.pc=0x0000022a3e108824 relative=0x0000000000001c24
Event: 4.149 Thread 0x0000022a4c8bc200 Uncommon trap: reason=unstable_if action=reinterpret pc=0x0000022a3e108824 method=com.oracle.js.parser.Parser.arrayLiteral(ZZLcom/oracle/js/parser/CoverExpressionError;)Lcom/oracle/js/parser/ir/LiteralNode; @ 91 c2
Event: 4.149 Thread 0x0000022a4c8bc200 DEOPT PACKING pc=0x0000022a3e108824 sp=0x0000007af48fb2a0
Event: 4.149 Thread 0x0000022a4c8bc200 DEOPT UNPACKING pc=0x0000022a3dab69a3 sp=0x0000007af48fb280 mode 2
Event: 4.199 Thread 0x0000022a4c8bc200 DEOPT PACKING pc=0x0000022a36aab695 sp=0x0000007af48fb650
Event: 4.199 Thread 0x0000022a4c8bc200 DEOPT UNPACKING pc=0x0000022a3dab7143 sp=0x0000007af48fab20 mode 0
Event: 4.367 Thread 0x0000022a4c8bda10 Uncommon trap: trap_request=0xffffff45 fr.pc=0x0000022a3e0a10d8 relative=0x0000000000000298
Event: 4.367 Thread 0x0000022a4c8bda10 Uncommon trap: reason=unstable_if action=reinterpret pc=0x0000022a3e0a10d8 method=java.util.concurrent.ConcurrentHashMap.get(Ljava/lang/Object;)Ljava/lang/Object; @ 152 c2
Event: 4.368 Thread 0x0000022a4c8bda10 DEOPT PACKING pc=0x0000022a3e0a10d8 sp=0x0000007af47fb220
Event: 4.368 Thread 0x0000022a4c8bda10 DEOPT UNPACKING pc=0x0000022a3dab69a3 sp=0x0000007af47fb198 mode 2
Event: 5.153 Thread 0x0000022a4c8bda10 Uncommon trap: trap_request=0xffffff45 fr.pc=0x0000022a3e1460bc relative=0x0000000000004a9c
Event: 5.153 Thread 0x0000022a4c8bda10 Uncommon trap: reason=unstable_if action=reinterpret pc=0x0000022a3e1460bc method=java.util.HashMap.getNode(Ljava/lang/Object;)Ljava/util/HashMap$Node; @ 131 c2
Event: 5.153 Thread 0x0000022a4c8bda10 DEOPT PACKING pc=0x0000022a3e1460bc sp=0x0000007af47f7f90
Event: 5.153 Thread 0x0000022a4c8bda10 DEOPT UNPACKING pc=0x0000022a3dab69a3 sp=0x0000007af47f7dd8 mode 2
Event: 5.265 Thread 0x0000022a4c8bda10 DEOPT PACKING pc=0x0000022a36a16e78 sp=0x0000007af47fada0
Event: 5.265 Thread 0x0000022a4c8bda10 DEOPT UNPACKING pc=0x0000022a3dab7143 sp=0x0000007af47fa298 mode 0
Event: 5.378 Thread 0x0000022a4c8bda10 DEOPT PACKING pc=0x0000022a36aa7a42 sp=0x0000007af47f9220
Event: 5.378 Thread 0x0000022a4c8bda10 DEOPT UNPACKING pc=0x0000022a3dab7143 sp=0x0000007af47f8748 mode 0

Classes unloaded (8 events):
Event: 5.032 Thread 0x0000022a4c6272c0 Unloading class 0x0000000100202400 'java/lang/invoke/LambdaForm$DMH+0x0000000100202400'
Event: 5.032 Thread 0x0000022a4c6272c0 Unloading class 0x0000000100201c00 'jdk/internal/reflect/GeneratedSerializationConstructorAccessor15'
Event: 5.032 Thread 0x0000022a4c6272c0 Unloading class 0x0000000100201400 'jdk/internal/reflect/GeneratedSerializationConstructorAccessor13'
Event: 5.032 Thread 0x0000022a4c6272c0 Unloading class 0x0000000100200800 'jdk/internal/reflect/GeneratedSerializationConstructorAccessor12'
Event: 5.032 Thread 0x0000022a4c6272c0 Unloading class 0x0000000100200400 'jdk/internal/reflect/GeneratedSerializationConstructorAccessor10'
Event: 5.032 Thread 0x0000022a4c6272c0 Unloading class 0x00000001001bd800 'jdk/internal/reflect/GeneratedSerializationConstructorAccessor7'
Event: 5.032 Thread 0x0000022a4c6272c0 Unloading class 0x00000001001bd400 'jdk/internal/reflect/GeneratedSerializationConstructorAccessor5'
Event: 5.032 Thread 0x0000022a4c6272c0 Unloading class 0x00000001001bc400 'jdk/internal/reflect/GeneratedSerializationConstructorAccessor1'

Classes redefined (0 events):
No events

Internal exceptions (20 events):
Event: 2.278 Thread 0x0000022a510dc640 Exception <a 'java/net/ConnectException'{0x0000000086aebe50}: Connection refused: no further information> (0x0000000086aebe50) 
thrown [s\src\hotspot\share\prims\jni.cpp, line 536]
Event: 2.278 Thread 0x0000022a510dc640 Exception <a 'java/net/SocketException'{0x0000000086aec188}: Socket is not connected: shutdown> (0x0000000086aec188) 
thrown [s\src\hotspot\share\prims\jni.cpp, line 536]
Event: 2.780 Thread 0x0000022a510dc640 Exception <a 'java/lang/reflect/InvocationTargetException'{0x0000000086aed610}> (0x0000000086aed610) 
thrown [s\src\hotspot\share\runtime\reflection.cpp, line 1127]
Event: 2.781 Thread 0x0000022a510dc640 Exception <a 'java/net/ConnectException'{0x0000000086aedc70}: Connection refused: no further information> (0x0000000086aedc70) 
thrown [s\src\hotspot\share\prims\jni.cpp, line 536]
Event: 2.781 Thread 0x0000022a510dc640 Exception <a 'java/net/SocketException'{0x0000000086aedfa8}: Socket is not connected: shutdown> (0x0000000086aedfa8) 
thrown [s\src\hotspot\share\prims\jni.cpp, line 536]
Event: 3.306 Thread 0x0000022a510dc640 Exception <a 'java/lang/reflect/InvocationTargetException'{0x00000000893767b0}> (0x00000000893767b0) 
thrown [s\src\hotspot\share\runtime\reflection.cpp, line 1127]
Event: 3.306 Thread 0x0000022a510dc640 Exception <a 'java/net/ConnectException'{0x0000000089376e10}: Connection refused: no further information> (0x0000000089376e10) 
thrown [s\src\hotspot\share\prims\jni.cpp, line 536]
Event: 3.306 Thread 0x0000022a510dc640 Exception <a 'java/net/SocketException'{0x0000000089377148}: Socket is not connected: shutdown> (0x0000000089377148) 
thrown [s\src\hotspot\share\prims\jni.cpp, line 536]
Event: 3.816 Thread 0x0000022a510dc640 Exception <a 'java/lang/reflect/InvocationTargetException'{0x00000000893785d0}> (0x00000000893785d0) 
thrown [s\src\hotspot\share\runtime\reflection.cpp, line 1127]
Event: 3.817 Thread 0x0000022a510dc640 Exception <a 'java/net/ConnectException'{0x0000000089378c30}: Connection refused: no further information> (0x0000000089378c30) 
thrown [s\src\hotspot\share\prims\jni.cpp, line 536]
Event: 3.817 Thread 0x0000022a510dc640 Exception <a 'java/net/SocketException'{0x0000000089378f68}: Socket is not connected: shutdown> (0x0000000089378f68) 
thrown [s\src\hotspot\share\prims\jni.cpp, line 536]
Event: 4.472 Thread 0x0000022a510dc640 Exception <a 'java/lang/reflect/InvocationTargetException'{0x00000000895012d8}> (0x00000000895012d8) 
thrown [s\src\hotspot\share\runtime\reflection.cpp, line 1127]
Event: 4.473 Thread 0x0000022a510dc640 Exception <a 'java/net/ConnectException'{0x0000000089501938}: Connection refused: no further information> (0x0000000089501938) 
thrown [s\src\hotspot\share\prims\jni.cpp, line 536]
Event: 4.473 Thread 0x0000022a510dc640 Exception <a 'java/net/SocketException'{0x0000000089501c70}: Socket is not connected: shutdown> (0x0000000089501c70) 
thrown [s\src\hotspot\share\prims\jni.cpp, line 536]
Event: 5.193 Thread 0x0000022a510dc640 Exception <a 'java/lang/reflect/InvocationTargetException'{0x00000000894321b8}> (0x00000000894321b8) 
thrown [s\src\hotspot\share\runtime\reflection.cpp, line 1127]
Event: 5.195 Thread 0x0000022a510dc640 Exception <a 'java/net/ConnectException'{0x0000000089432818}: Connection refused: no further information> (0x0000000089432818) 
thrown [s\src\hotspot\share\prims\jni.cpp, line 536]
Event: 5.196 Thread 0x0000022a510dc640 Exception <a 'java/net/SocketException'{0x0000000089432b50}: Socket is not connected: shutdown> (0x0000000089432b50) 
thrown [s\src\hotspot\share\prims\jni.cpp, line 536]
Event: 6.665 Thread 0x0000022a510dc640 Exception <a 'java/lang/reflect/InvocationTargetException'{0x0000000089133128}> (0x0000000089133128) 
thrown [s\src\hotspot\share\runtime\reflection.cpp, line 1127]
Event: 6.666 Thread 0x0000022a510dc640 Exception <a 'java/net/ConnectException'{0x0000000089133788}: Connection refused: no further information> (0x0000000089133788) 
thrown [s\src\hotspot\share\prims\jni.cpp, line 536]
Event: 6.666 Thread 0x0000022a510dc640 Exception <a 'java/net/SocketException'{0x0000000089133ac0}: Socket is not connected: shutdown> (0x0000000089133ac0) 
thrown [s\src\hotspot\share\prims\jni.cpp, line 536]

VM Operations (20 events):
Event: 2.535 Executing VM operation: HandshakeAllThreads done
Event: 3.110 Executing VM operation: G1CollectForAllocation
Event: 3.134 Executing VM operation: G1CollectForAllocation done
Event: 3.141 Executing VM operation: G1CollectForAllocation
Event: 3.159 Executing VM operation: G1CollectForAllocation done
Event: 4.314 Executing VM operation: G1CollectForAllocation
Event: 4.368 Executing VM operation: G1CollectForAllocation done
Event: 4.672 Executing VM operation: G1CollectForAllocation
Event: 4.815 Executing VM operation: G1CollectForAllocation done
Event: 5.020 Executing VM operation: G1Concurrent
Event: 5.043 Executing VM operation: G1Concurrent done
Event: 5.131 Executing VM operation: G1Concurrent
Event: 5.134 Executing VM operation: G1Concurrent done
Event: 5.518 Executing VM operation: G1CollectForAllocation
Event: 5.618 Executing VM operation: G1CollectForAllocation done
Event: 6.592 Executing VM operation: HandshakeAllThreads
Event: 6.667 Executing VM operation: HandshakeAllThreads done
Event: 6.667 Executing VM operation: Cleanup
Event: 6.682 Executing VM operation: Cleanup done
Event: 6.702 Executing VM operation: G1CollectForAllocation

Events (20 events):
Event: 2.147 loading class java/util/random/RandomGenerator$SplittableGenerator done
Event: 2.147 loading class java/util/SplittableRandom done
Event: 2.147 loading class java/util/SplittableRandom$AbstractSplittableGeneratorProxy
Event: 2.147 loading class jdk/internal/util/random/RandomSupport$AbstractSplittableGenerator
Event: 2.148 loading class jdk/internal/util/random/RandomSupport$AbstractSpliteratorGenerator
Event: 2.149 loading class jdk/internal/util/random/RandomSupport$AbstractSpliteratorGenerator done
Event: 2.149 loading class jdk/internal/util/random/RandomSupport$AbstractSplittableGenerator done
Event: 2.149 loading class java/util/SplittableRandom$AbstractSplittableGeneratorProxy done
Event: 2.509 loading class java/util/function/ToIntFunction
Event: 2.509 loading class java/util/function/ToIntFunction done
Event: 2.524 loading class java/util/AbstractList$RandomAccessSubList
Event: 2.524 loading class java/util/AbstractList$SubList
Event: 2.524 loading class java/util/AbstractList$SubList done
Event: 2.524 loading class java/util/AbstractList$RandomAccessSubList done
Event: 2.524 loading class java/util/AbstractList$SubList$1
Event: 2.524 loading class java/util/AbstractList$SubList$1 done
Event: 2.548 loading class java/time/temporal/UnsupportedTemporalTypeException
Event: 2.548 loading class java/time/temporal/UnsupportedTemporalTypeException done
Event: 2.695 Thread 0x0000022a515788a0 Thread exited: 0x0000022a515788a0
Event: 2.866 Thread 0x0000022a51c1b750 Thread added: 0x0000022a51c1b750


Dynamic libraries:
0x00007ff7001a0000 - 0x00007ff7001aa000 	C:\Program Files\JetBrains\IntelliJ IDEA 2023.2\jbr\bin\java.exe
0x00007ff967cb0000 - 0x00007ff967ea8000 	C:\WINDOWS\SYSTEM32\ntdll.dll
0x00007ff967bb0000 - 0x00007ff967c6f000 	C:\WINDOWS\System32\KERNEL32.DLL
0x00007ff9657b0000 - 0x00007ff965aa6000 	C:\WINDOWS\System32\KERNELBASE.dll
0x00007ff965c10000 - 0x00007ff965d10000 	C:\WINDOWS\System32\ucrtbase.dll
0x00007ff9477a0000 - 0x00007ff9477b7000 	C:\Program Files\JetBrains\IntelliJ IDEA 2023.2\jbr\bin\jli.dll
0x00007ff9607b0000 - 0x00007ff9607cb000 	C:\Program Files\JetBrains\IntelliJ IDEA 2023.2\jbr\bin\VCRUNTIME140.dll
0x00007ff9676b0000 - 0x00007ff96784d000 	C:\WINDOWS\System32\USER32.dll
0x00007ff9654e0000 - 0x00007ff965502000 	C:\WINDOWS\System32\win32u.dll
0x00007ff94d950000 - 0x00007ff94dbea000 	C:\WINDOWS\WinSxS\amd64_microsoft.windows.common-controls_6595b64144ccf1df_6.0.19041.1110_none_60b5254171f9507e\COMCTL32.dll
0x00007ff9671a0000 - 0x00007ff9671cc000 	C:\WINDOWS\System32\GDI32.dll
0x00007ff966f40000 - 0x00007ff966fde000 	C:\WINDOWS\System32\msvcrt.dll
0x00007ff965390000 - 0x00007ff9654a5000 	C:\WINDOWS\System32\gdi32full.dll
0x00007ff965560000 - 0x00007ff9655fd000 	C:\WINDOWS\System32\msvcp_win.dll
0x00007ff9663b0000 - 0x00007ff9663e0000 	C:\WINDOWS\System32\IMM32.DLL
0x00007ff960ef0000 - 0x00007ff960efc000 	C:\Program Files\JetBrains\IntelliJ IDEA 2023.2\jbr\bin\vcruntime140_1.dll
0x00007ff947440000 - 0x00007ff9474cd000 	C:\Program Files\JetBrains\IntelliJ IDEA 2023.2\jbr\bin\msvcp140.dll
0x00007ff90ccc0000 - 0x00007ff90d940000 	C:\Program Files\JetBrains\IntelliJ IDEA 2023.2\jbr\bin\server\jvm.dll
0x00007ff965d10000 - 0x00007ff965dbf000 	C:\WINDOWS\System32\ADVAPI32.dll
0x00007ff966310000 - 0x00007ff9663ac000 	C:\WINDOWS\System32\sechost.dll
0x00007ff9679f0000 - 0x00007ff967b16000 	C:\WINDOWS\System32\RPCRT4.dll
0x00007ff960ff0000 - 0x00007ff960ff9000 	C:\WINDOWS\SYSTEM32\WSOCK32.dll
0x00007ff967980000 - 0x00007ff9679eb000 	C:\WINDOWS\System32\WS2_32.dll
0x00007ff955d70000 - 0x00007ff955d97000 	C:\WINDOWS\SYSTEM32\WINMM.dll
0x00007ff956870000 - 0x00007ff95687a000 	C:\WINDOWS\SYSTEM32\VERSION.dll
0x00007ff963230000 - 0x00007ff963242000 	C:\WINDOWS\SYSTEM32\kernel.appcore.dll
0x00007ff958520000 - 0x00007ff95852a000 	C:\Program Files\JetBrains\IntelliJ IDEA 2023.2\jbr\bin\jimage.dll
0x00007ff957010000 - 0x00007ff9571f4000 	C:\WINDOWS\SYSTEM32\DBGHELP.DLL
0x00007ff956e60000 - 0x00007ff956e94000 	C:\WINDOWS\SYSTEM32\dbgcore.DLL
0x00007ff965720000 - 0x00007ff9657a2000 	C:\WINDOWS\System32\bcryptPrimitives.dll
0x00007ff947d50000 - 0x00007ff947d75000 	C:\Program Files\JetBrains\IntelliJ IDEA 2023.2\jbr\bin\java.dll
0x00007ff9584f0000 - 0x00007ff958508000 	C:\Program Files\JetBrains\IntelliJ IDEA 2023.2\jbr\bin\zip.dll
0x00007ff966740000 - 0x00007ff966e84000 	C:\WINDOWS\System32\SHELL32.dll
0x00007ff963430000 - 0x00007ff963bc3000 	C:\WINDOWS\SYSTEM32\windows.storage.dll
0x00007ff9663e0000 - 0x00007ff966734000 	C:\WINDOWS\System32\combase.dll
0x00007ff964dd0000 - 0x00007ff964dfe000 	C:\WINDOWS\SYSTEM32\Wldp.dll
0x00007ff966230000 - 0x00007ff9662dd000 	C:\WINDOWS\System32\SHCORE.dll
0x00007ff9672f0000 - 0x00007ff967345000 	C:\WINDOWS\System32\shlwapi.dll
0x00007ff9652c0000 - 0x00007ff9652e5000 	C:\WINDOWS\SYSTEM32\profapi.dll
0x00007ff947ba0000 - 0x00007ff947bb9000 	C:\Program Files\JetBrains\IntelliJ IDEA 2023.2\jbr\bin\net.dll
0x00007ff959eb0000 - 0x00007ff959fba000 	C:\WINDOWS\SYSTEM32\WINHTTP.dll
0x00007ff964b30000 - 0x00007ff964b9a000 	C:\WINDOWS\system32\mswsock.dll
0x00007ff947b20000 - 0x00007ff947b36000 	C:\Program Files\JetBrains\IntelliJ IDEA 2023.2\jbr\bin\nio.dll
0x00007ff9647d0000 - 0x00007ff96480b000 	C:\WINDOWS\SYSTEM32\IPHLPAPI.DLL
0x00007ff967b20000 - 0x00007ff967b28000 	C:\WINDOWS\System32\NSI.dll
0x00007ff95d7f0000 - 0x00007ff95d807000 	C:\WINDOWS\SYSTEM32\dhcpcsvc6.DLL
0x00007ff95d7d0000 - 0x00007ff95d7ed000 	C:\WINDOWS\SYSTEM32\dhcpcsvc.DLL
0x00007ff964820000 - 0x00007ff9648ea000 	C:\WINDOWS\SYSTEM32\DNSAPI.dll
0x00007ff964d20000 - 0x00007ff964d38000 	C:\WINDOWS\SYSTEM32\CRYPTSP.dll
0x00007ff9643d0000 - 0x00007ff964404000 	C:\WINDOWS\system32\rsaenh.dll
0x00007ff9654b0000 - 0x00007ff9654d7000 	C:\WINDOWS\System32\bcrypt.dll
0x00007ff965240000 - 0x00007ff96526e000 	C:\WINDOWS\SYSTEM32\USERENV.dll
0x00007ff964d40000 - 0x00007ff964d4c000 	C:\WINDOWS\SYSTEM32\CRYPTBASE.dll
0x00007ff9606e0000 - 0x00007ff9606e7000 	C:\Program Files\JetBrains\IntelliJ IDEA 2023.2\jbr\bin\rmi.dll
0x00007ff9581b0000 - 0x00007ff9581ba000 	C:\Windows\System32\rasadhlp.dll
0x00007ff958cd0000 - 0x00007ff958d52000 	C:\WINDOWS\System32\fwpuclnt.dll

dbghelp: loaded successfully - version: 4.0.5 - missing functions: none
symbol engine: initialized successfully - sym options: 0x614 - pdb path: .;C:\Program Files\JetBrains\IntelliJ IDEA 2023.2\jbr\bin;C:\WINDOWS\SYSTEM32;C:\WINDOWS\WinSxS\amd64_microsoft.windows.common-controls_6595b64144ccf1df_6.0.19041.1110_none_60b5254171f9507e;C:\Program Files\JetBrains\IntelliJ IDEA 2023.2\jbr\bin\server

VM Arguments:
jvm_args: -Djava.rmi.server.hostname=127.0.0.1 -Duser.timezone=UTC -Xmx2048m -Xms128m -Djna.boot.library.path=C:\Program Files\JetBrains\IntelliJ IDEA 2023.2/lib/jna/amd64 -Djna.nosys=true -Djna.noclasspath=true -Djdbc.classpath=C:\Program Files\JetBrains\IntelliJ IDEA 2023.2\plugins\DatabaseTools\lib\jdbc-console.jar;C:\Users\user\AppData\Roaming\JetBrains\IntelliJIdea2023.2\jdbc-drivers\MongoDB\1.18\mongo-jdbc-standalone-1.18.jar --add-exports=java.desktop/sun.awt=ALL-UNNAMED --add-exports=java.desktop/java.awt.peer=ALL-UNNAMED --add-opens=java.desktop/java.awt=ALL-UNNAMED --add-opens=jdk.unsupported/sun.misc=ALL-UNNAMED --add-opens=java.base/java.nio=ALL-UNNAMED --add-opens=java.base/java.util=ALL-UNNAMED -Dfile.encoding=UTF-8 
java_command: com.intellij.database.remote.RemoteJdbcServer com.dbschema.MongoJdbcDriver
java_class_path (initial): C:\Program Files\JetBrains\IntelliJ IDEA 2023.2\lib\util_rt.jar;C:\Program Files\JetBrains\IntelliJ IDEA 2023.2\lib\util-8.jar;C:\Program Files\JetBrains\IntelliJ IDEA 2023.2\lib\groovy.jar;C:\Program Files\JetBrains\IntelliJ IDEA 2023.2\plugins\DatabaseTools\lib\jdbc-console.jar;C:\Program Files\JetBrains\IntelliJ IDEA 2023.2\plugins\grid-core-impl\lib\jdbc-console-types.jar;C:\Program Files\JetBrains\IntelliJ IDEA 2023.2\lib\util.jar;C:\Program Files\JetBrains\IntelliJ IDEA 2023.2\lib\bouncy-castle.jar
Launcher Type: SUN_STANDARD

[Global flags]
     intx CICompilerCount                          = 3                                         {product} {ergonomic}
     uint ConcGCThreads                            = 1                                         {product} {ergonomic}
     uint G1ConcRefinementThreads                  = 4                                         {product} {ergonomic}
   size_t G1HeapRegionSize                         = 1048576                                   {product} {ergonomic}
    uintx GCDrainStackTargetSize                   = 64                                        {product} {ergonomic}
   size_t InitialHeapSize                          = 134217728                                 {product} {command line}
   size_t MarkStackSize                            = 4194304                                   {product} {ergonomic}
   size_t MaxHeapSize                              = 2147483648                                {product} {command line}
   size_t MaxNewSize                               = 1287651328                                {product} {ergonomic}
   size_t MinHeapDeltaBytes                        = 1048576                                   {product} {ergonomic}
   size_t MinHeapSize                              = 134217728                                 {product} {command line}
    uintx NonNMethodCodeHeapSize                   = 5832780                                {pd product} {ergonomic}
    uintx NonProfiledCodeHeapSize                  = 122912730                              {pd product} {ergonomic}
    uintx ProfiledCodeHeapSize                     = 122912730                              {pd product} {ergonomic}
    uintx ReservedCodeCacheSize                    = 251658240                              {pd product} {ergonomic}
     bool SegmentedCodeCache                       = true                                      {product} {ergonomic}
   size_t SoftMaxHeapSize                          = 2147483648                             {manageable} {ergonomic}
     bool UseCompressedClassPointers               = true                           {product lp64_product} {ergonomic}
     bool UseCompressedOops                        = true                           {product lp64_product} {ergonomic}
     bool UseG1GC                                  = true                                      {product} {ergonomic}
     bool UseLargePagesIndividualAllocation        = false                                  {pd product} {ergonomic}

Logging:
Log output configuration:
 #0: stdout all=warning uptime,level,tags
 #1: stderr all=off uptime,level,tags

Environment Variables:
PATH=C:\Program Files\Google\Chrome\Application;C:\Program Files (x86)\NVIDIA Corporation\PhysX\Common;C:\Program Files\Common Files\Oracle\Java\javapath;C:\Program Files (x86)\Common Files\Oracle\Java\javapath;C:\WINDOWS\system32;C:\WINDOWS;C:\WINDOWS\System32\Wbem;C:\WINDOWS\System32\WindowsPowerShell\v1.0\;C:\WINDOWS\System32\OpenSSH\;C:\Program Files\Git\cmd;C:\Users\user\AppData\Local\Programs\Python\Python311\Scripts\;C:\Users\user\AppData\Local\Programs\Python\Python311\;C:\Users\user\AppData\Local\Microsoft\WindowsApps;C:\Program Files\JetBrains\IntelliJ IDEA 2022.3.3\bin;C:\Program Files\JetBrains\IntelliJ IDEA Community Edition 2022.3.3\bin
USERNAME=user
OS=Windows_NT
PROCESSOR_IDENTIFIER=Intel64 Family 6 Model 69 Stepping 1, GenuineIntel
TMP=C:\Users\user\AppData\Local\Temp
TEMP=C:\Users\user\AppData\Local\Temp


JNI global refs:
JNI global refs: 18, weak refs: 23

JNI global refs memory usage: 843, weak refs: 841

OOME stack traces (most recent first):
Classloader memory used:
Loader com.intellij.database.remote.jdbc.impl.JdbcClassLoader$JdbcClassLoaderImpl      : 2453K
Loader bootstrap                                                                       : 1857K
Loader jdk.internal.loader.ClassLoaders$AppClassLoader                                 : 133K
Loader jdk.internal.loader.ClassLoaders$PlatformClassLoader                            : 32937B
Loader jdk.internal.reflect.DelegatingClassLoader                                      : 9095B


---------------  S Y S T E M  ---------------

OS:
 Windows 10 , 64 bit Build 19041 (10.0.19041.3155)
OS uptime: 0 days 9:50 hours

CPU: total 4 (initial active 4) (2 cores per cpu, 2 threads per core) family 6 model 69 stepping 1 microcode 0x25, cx8, cmov, fxsr, ht, mmx, sse, sse2, sse3, ssse3, sse4.1, sse4.2, popcnt, lzcnt, tsc, tscinvbit, avx, avx2, aes, erms, clmul, bmi1, bmi2, fma, vzeroupper, clflush

Memory: 4k page, system-wide physical 8097M (432M free)
TotalPageFile size 11229M (AvailPageFile size 5M)
current process WorkingSet (physical memory assigned to process): 317M, peak: 321M
current process commit charge ("private bytes"): 346M, peak: 630M

vm_info: OpenJDK 64-Bit Server VM (17.0.7+7-b1000.6) for windows-amd64 JRE (17.0.7+7-b1000.6), built on 2023-07-07 by "builduser" with MS VC++ 16.10 / 16.11 (VS2019)

END.
